<?xml version="1.0" encoding="UTF-8"?>
<testsuite xmlns:xsi="http://www.w3.org/2001/XMLSchema-instance" xsi:noNamespaceSchemaLocation="https://maven.apache.org/surefire/maven-surefire-plugin/xsd/surefire-test-report.xsd" version="3.0.2" name="app.Controller.CarroControllerTest" time="13.116" tests="12" errors="0" skipped="0" failures="0">
  <properties>
[...]
</properties>
  <testcase name="cenario01" classname="app.Controller.CarroControllerTest" time="0.132">
    <system-out><![CDATA[09:59:42.441 [main] INFO org.springframework.test.context.support.AnnotationConfigContextLoaderUtils -- Could not detect default configuration classes for test class [app.Controller.CarroControllerTest]: CarroControllerTest does not declare any static, non-private, non-final, nested classes annotated with @Configuration.
09:59:42.831 [main] INFO org.springframework.boot.test.context.SpringBootTestContextBootstrapper -- Found @SpringBootConfiguration app.Application for test class app.Controller.CarroControllerTest

  .   ____          _            __ _ _
 /\\ / ___'_ __ _ _(_)_ __  __ _ \ \ \ \
( ( )\___ | '_ | '_| | '_ \/ _` | \ \ \ \
 \\/  ___)| |_)| | | | | || (_| |  ) ) ) )
  '  |____| .__|_| |_|_| |_\__, | / / / /
 =========|_|==============|___/=/_/_/_/

 :: Spring Boot ::                (v3.4.0)

2024-12-14T09:59:43.859-03:00  INFO 18792 --- [app] [           main] app.Controller.CarroControllerTest       : Starting CarroControllerTest using Java 17.0.8 with PID 18792 (started by gleal in C:\CursoSpringAngular\CarrosAPI\BackEnd\app)
2024-12-14T09:59:43.861-03:00  INFO 18792 --- [app] [           main] app.Controller.CarroControllerTest       : No active profile set, falling back to 1 default profile: "default"
2024-12-14T09:59:45.255-03:00  INFO 18792 --- [app] [           main] .s.d.r.c.RepositoryConfigurationDelegate : Bootstrapping Spring Data JPA repositories in DEFAULT mode.
2024-12-14T09:59:45.389-03:00  INFO 18792 --- [app] [           main] .s.d.r.c.RepositoryConfigurationDelegate : Finished Spring Data repository scanning in 108 ms. Found 1 JPA repository interface.
2024-12-14T09:59:48.528-03:00  INFO 18792 --- [app] [           main] o.hibernate.jpa.internal.util.LogHelper  : HHH000204: Processing PersistenceUnitInfo [name: default]
2024-12-14T09:59:48.789-03:00  INFO 18792 --- [app] [           main] org.hibernate.Version                    : HHH000412: Hibernate ORM core version 6.6.2.Final
2024-12-14T09:59:48.946-03:00  INFO 18792 --- [app] [           main] o.h.c.internal.RegionFactoryInitiator    : HHH000026: Second-level cache disabled
2024-12-14T09:59:49.439-03:00  INFO 18792 --- [app] [           main] o.s.o.j.p.SpringPersistenceUnitInfo      : No LoadTimeWeaver setup: ignoring JPA class transformer
2024-12-14T09:59:49.564-03:00  INFO 18792 --- [app] [           main] com.zaxxer.hikari.HikariDataSource       : HikariPool-1 - Starting...
2024-12-14T09:59:50.497-03:00  INFO 18792 --- [app] [           main] com.zaxxer.hikari.pool.HikariPool        : HikariPool-1 - Added connection com.mysql.cj.jdbc.ConnectionImpl@15804891
2024-12-14T09:59:50.509-03:00  INFO 18792 --- [app] [           main] com.zaxxer.hikari.HikariDataSource       : HikariPool-1 - Start completed.
2024-12-14T09:59:50.857-03:00  INFO 18792 --- [app] [           main] org.hibernate.orm.connections.pooling    : HHH10001005: Database info:
	Database JDBC URL [Connecting through datasource 'HikariDataSource (HikariPool-1)']
	Database driver: undefined/unknown
	Database version: 8.0.33
	Autocommit mode: undefined/unknown
	Isolation level: undefined/unknown
	Minimum pool size: undefined/unknown
	Maximum pool size: undefined/unknown
2024-12-14T09:59:53.199-03:00  INFO 18792 --- [app] [           main] o.h.e.t.j.p.i.JtaPlatformInitiator       : HHH000489: No JTA platform available (set 'hibernate.transaction.jta.platform' to enable JTA platform integration)
2024-12-14T09:59:53.393-03:00  INFO 18792 --- [app] [           main] j.LocalContainerEntityManagerFactoryBean : Initialized JPA EntityManagerFactory for persistence unit 'default'
2024-12-14T09:59:53.775-03:00  WARN 18792 --- [app] [           main] JpaBaseConfiguration$JpaWebConfiguration : spring.jpa.open-in-view is enabled by default. Therefore, database queries may be performed during view rendering. Explicitly configure spring.jpa.open-in-view to disable this warning
2024-12-14T09:59:54.783-03:00  INFO 18792 --- [app] [           main] app.Controller.CarroControllerTest       : Started CarroControllerTest in 11.543 seconds (process running for 14.208)
]]></system-out>
  </testcase>
  <testcase name="cenario02" classname="app.Controller.CarroControllerTest" time="0.01"/>
  <testcase name="cenario03" classname="app.Controller.CarroControllerTest" time="0.01"/>
  <testcase name="cenario04" classname="app.Controller.CarroControllerTest" time="0.01"/>
  <testcase name="cenario05" classname="app.Controller.CarroControllerTest" time="0.012"/>
  <testcase name="cenario06" classname="app.Controller.CarroControllerTest" time="0.008"/>
  <testcase name="cenario07" classname="app.Controller.CarroControllerTest" time="0.01"/>
  <testcase name="cenario08" classname="app.Controller.CarroControllerTest" time="0.01"/>
  <testcase name="cenario09" classname="app.Controller.CarroControllerTest" time="0.007"/>
  <testcase name="cenario10" classname="app.Controller.CarroControllerTest" time="0.009"/>
  <testcase name="cenario11" classname="app.Controller.CarroControllerTest" time="0.01"/>
  <testcase name="cenario12" classname="app.Controller.CarroControllerTest" time="0.009"/>
</testsuite>