<?xml version="1.0" encoding="UTF-8"?>
<testsuite xmlns:xsi="http://www.w3.org/2001/XMLSchema-instance" xsi:noNamespaceSchemaLocation="https://maven.apache.org/surefire/maven-surefire-plugin/xsd/surefire-test-report.xsd" version="3.0.2" name="app.Service.CarroServiceTest" time="0.134" tests="10" errors="0" skipped="0" failures="0">
  <properties>
[...]
</properties>
  <testcase name="cenario01" classname="app.Service.CarroServiceTest" time="0.011">
    <system-out><![CDATA[2024-12-14T13:07:05.448-03:00  INFO 9552 --- [app] [           main] t.c.s.AnnotationConfigContextLoaderUtils : Could not detect default configuration classes for test class [app.Service.CarroServiceTest]: CarroServiceTest does not declare any static, non-private, non-final, nested classes annotated with @Configuration.
2024-12-14T13:07:05.468-03:00  INFO 9552 --- [app] [           main] .b.t.c.SpringBootTestContextBootstrapper : Found @SpringBootConfiguration app.Application for test class app.Service.CarroServiceTest
]]></system-out>
  </testcase>
  <testcase name="cenario02" classname="app.Service.CarroServiceTest" time="0.011"/>
  <testcase name="cenario03" classname="app.Service.CarroServiceTest" time="0.011"/>
  <testcase name="cenario04" classname="app.Service.CarroServiceTest" time="0.01"/>
  <testcase name="cenario05" classname="app.Service.CarroServiceTest" time="0.006"/>
  <testcase name="cenario06" classname="app.Service.CarroServiceTest" time="0.01"/>
  <testcase name="cenario07" classname="app.Service.CarroServiceTest" time="0.006"/>
  <testcase name="cenario08" classname="app.Service.CarroServiceTest" time="0.007"/>
  <testcase name="cenario09" classname="app.Service.CarroServiceTest" time="0.006"/>
  <testcase name="cenario10" classname="app.Service.CarroServiceTest" time="0.006"/>
</testsuite>